<?xml version="1.0" encoding="UTF-8"?>
<!-- Generated by org.testng.reporters.JUnitXMLReporter -->
<testsuite ignored="2" hostname="DESKTOP-TL6E7AH" failures="0" tests="2" name="edge" time="91.568" errors="0" timestamp="2024-02-28T18:27:58 IST">
  <testcase classname="com.Product.ROSA.AddProductToCartTestAndBuyTest" name="addProductToCartTest" time="15.03"/>
  <testcase classname="com.Product.ROSA.TrackOrderTest" name="trackOrderTest" time="14.571"/>
  <testcase classname="com.RMGOnlineShoppingApp.genericutils.BaseClass" name="@BeforeSuite connectToDataBase" time="0.0">
    <ignored/>
  </testcase> <!-- @BeforeSuite connectToDataBase -->
  <testcase classname="com.RMGOnlineShoppingApp.genericutils.BaseClass" name="@AfterSuite disconnectDataBase" time="0.0">
    <ignored/>
  </testcase> <!-- @AfterSuite disconnectDataBase -->
</testsuite> <!-- edge -->
