<?xml version="1.0" encoding="UTF-8"?>
<!-- Generated by org.testng.reporters.JUnitXMLReporter -->
<testsuite ignored="2" hostname="DESKTOP-TL6E7AH" failures="0" tests="2" name="firefox" time="2.343" errors="0" timestamp="2024-02-28T18:26:28 IST">
  <testcase classname="com.Product.ROSA.AddProductToCartTestAndBuyTest" name="addProductToCartTest" time="0.0">
    <skipped/>
  </testcase> <!-- addProductToCartTest -->
  <testcase classname="com.Product.ROSA.TrackOrderTest" name="trackOrderTest" time="0.003">
    <skipped/>
  </testcase> <!-- trackOrderTest -->
  <testcase classname="com.RMGOnlineShoppingApp.genericutils.BaseClass" name="@BeforeSuite connectToDataBase" time="0.0">
    <ignored/>
  </testcase> <!-- @BeforeSuite connectToDataBase -->
  <testcase classname="com.RMGOnlineShoppingApp.genericutils.BaseClass" name="@AfterSuite disconnectDataBase" time="0.0">
    <ignored/>
  </testcase> <!-- @AfterSuite disconnectDataBase -->
</testsuite> <!-- firefox -->
