<?xml version="1.0" encoding="UTF-8"?>
<!-- Generated by org.testng.reporters.JUnitXMLReporter -->
<testsuite ignored="6" hostname="DESKTOP-TL6E7AH" failures="0" tests="4" name="Test" time="95.047" errors="0" timestamp="2024-02-29T17:32:41 IST">
  <testcase classname="com.Product.ROSA.AddProductToCartTestAndBuyTest" name="addProductToCartTest" time="14.317"/>
  <testcase classname="com.Product.ROSA.AddProductToWishListAndRemoveTest" name="addProductToWishListAndRemoveTest" time="7.524"/>
  <testcase classname="com.Product.ROSA.TrackOrderTest" name="trackOrderTest" time="12.912"/>
  <testcase classname="com.Product.ROSA.AddProductToCartAndRemoveTest" name="addProductToCartAndRemoveTest" time="1.842"/>
  <testcase classname="com.RMGOnlineShoppingApp.genericutils.BaseClass" name="@AfterSuite disconnectDataBase" time="0.0">
    <ignored/>
  </testcase> <!-- @AfterSuite disconnectDataBase -->
  <testcase classname="com.RMGOnlineShoppingApp.genericutils.BaseClass" name="@AfterSuite disconnectDataBase" time="0.0">
    <ignored/>
  </testcase> <!-- @AfterSuite disconnectDataBase -->
  <testcase classname="com.RMGOnlineShoppingApp.genericutils.BaseClass" name="@BeforeSuite connectToDataBase" time="0.0">
    <ignored/>
  </testcase> <!-- @BeforeSuite connectToDataBase -->
  <testcase classname="com.RMGOnlineShoppingApp.genericutils.BaseClass" name="@BeforeSuite connectToDataBase" time="0.0">
    <ignored/>
  </testcase> <!-- @BeforeSuite connectToDataBase -->
  <testcase classname="com.RMGOnlineShoppingApp.genericutils.BaseClass" name="@BeforeSuite connectToDataBase" time="0.0">
    <ignored/>
  </testcase> <!-- @BeforeSuite connectToDataBase -->
  <testcase classname="com.RMGOnlineShoppingApp.genericutils.BaseClass" name="@AfterSuite disconnectDataBase" time="0.0">
    <ignored/>
  </testcase> <!-- @AfterSuite disconnectDataBase -->
</testsuite> <!-- Test -->
